<?xml version="1.0" encoding="UTF-8"?>
<!-- Generated by org.testng.reporters.JUnitReportReporter -->
<testsuite skipped="0" hostname="DESKTOP-VTBT3RG" name="TestNGBasics.FirstClass" tests="2" failures="0" timestamp="2023-08-02T21:36:51 IST" time="0.015" errors="0">
  <testcase name="Testcase1" time="0.012" classname="TestNGBasics.FirstClass"/>
  <system-out/>
  <testcase name="Testcase2" time="0.003" classname="TestNGBasics.FirstClass"/>
  <system-out/>
</testsuite> <!-- TestNGBasics.FirstClass -->
