<?xml version="1.0" encoding="UTF-8"?>
<!-- Generated by org.testng.reporters.JUnitReportReporter -->
<testsuite skipped="0" hostname="DESKTOP-VTBT3RG" name="Testcases.FirstTestCase" tests="1" failures="0" timestamp="2023-08-16T21:43:04 IST" time="0.015" errors="0">
  <testcase name="LaunchTheBrowserCheck" time="0.015" classname="Testcases.FirstTestCase"/>
  <system-out/>
</testsuite> <!-- Testcases.FirstTestCase -->
