<?xml version="1.0" encoding="UTF-8"?>
<!-- Generated by org.testng.reporters.JUnitReportReporter -->
<testsuite skipped="0" hostname="DESKTOP-VTBT3RG" name="Testcases.SeachTestCase" tests="3" failures="0" timestamp="2023-08-24T21:50:22 IST" time="34.590" errors="0">
  <testcase name="FlightSearchWithValidValues" time="21.168" classname="Testcases.SeachTestCase"/>
  <system-out/>
  <testcase name="FlightSearchWithInValidValues" time="8.020" classname="Testcases.SeachTestCase"/>
  <system-out/>
  <testcase name="ValidateErrorRemovedAfterWeCorrectTheError" time="5.402" classname="Testcases.SeachTestCase"/>
  <system-out/>
</testsuite> <!-- Testcases.SeachTestCase -->
