<?xml version="1.0" encoding="UTF-8"?>
<!-- Generated by org.testng.reporters.JUnitReportReporter -->
<testsuite skipped="0" hostname="DESKTOP-VTBT3RG" name="TestNGBasics.FirstClass" tests="2" failures="0" timestamp="2023-08-16T21:24:03 IST" time="0.008" errors="0">
  <testcase name="Login" time="0.007" classname="TestNGBasics.FirstClass"/>
  <system-out/>
  <testcase name="CreateAccount" time="0.001" classname="TestNGBasics.FirstClass"/>
  <system-out/>
</testsuite> <!-- TestNGBasics.FirstClass -->
