<?xml version="1.0" encoding="UTF-8"?>
<!-- Generated by org.testng.reporters.JUnitReportReporter -->
<testsuite skipped="0" hostname="DESKTOP-VTBT3RG" name="TestNGBasics.thirdClass" tests="1" failures="0" timestamp="2023-08-08T21:16:17 IST" time="0.001" errors="0">
  <testcase name="Testcase5" time="0.001" classname="TestNGBasics.thirdClass"/>
  <system-out/>
</testsuite> <!-- TestNGBasics.thirdClass -->
