<?xml version="1.0" encoding="UTF-8"?>
<!-- Generated by org.testng.reporters.JUnitReportReporter -->
<testsuite skipped="0" hostname="DESKTOP-VTBT3RG" name="TestNGBasics.SecondClass" tests="1" failures="0" timestamp="2023-08-16T21:24:51 IST" time="0.003" errors="0">
  <testcase name="Testcase4" time="0.003" classname="TestNGBasics.SecondClass"/>
  <system-out/>
</testsuite> <!-- TestNGBasics.SecondClass -->
