<?xml version="1.0" encoding="UTF-8"?>
<!-- Generated by org.testng.reporters.JUnitReportReporter -->
<testsuite skipped="0" hostname="DESKTOP-VTBT3RG" name="Testcases.SeachTestCase" tests="7" failures="0" timestamp="2023-09-04T21:45:58 IST" time="75.945" errors="0">
  <testcase name="FlightSearchWithValidValues" time="13.923" classname="Testcases.SeachTestCase"/>
  <system-out/>
  <testcase name="FlightSearchWithValidValues" time="16.896" classname="Testcases.SeachTestCase"/>
  <system-out/>
  <testcase name="FlightSearchWithValidValues" time="21.408" classname="Testcases.SeachTestCase"/>
  <system-out/>
  <testcase name="FlightSearchWithInValidValues" time="5.989" classname="Testcases.SeachTestCase"/>
  <system-out/>
  <testcase name="FlightSearchWithInValidValues" time="6.170" classname="Testcases.SeachTestCase"/>
  <system-out/>
  <testcase name="FlightSearchWithInValidValues" time="6.011" classname="Testcases.SeachTestCase"/>
  <system-out/>
  <testcase name="ValidateErrorRemovedAfterWeCorrectTheError" time="5.548" classname="Testcases.SeachTestCase"/>
  <system-out/>
</testsuite> <!-- Testcases.SeachTestCase -->
